0 info it worked if it ends with ok
1 verbose cli [ 'node',
1 verbose cli   '/usr/local/bin/npm',
1 verbose cli   'install',
1 verbose cli   'angular-local-storage' ]
2 info using npm@2.7.4
3 info using node@v0.12.2
4 silly cache add args [ 'angular-local-storage', null ]
5 verbose cache add spec angular-local-storage
6 silly cache add parsed spec { raw: 'angular-local-storage',
6 silly cache add   scope: null,
6 silly cache add   name: 'angular-local-storage',
6 silly cache add   rawSpec: '',
6 silly cache add   spec: '*',
6 silly cache add   type: 'range' }
7 verbose addNamed angular-local-storage@*
8 silly addNamed semver.valid null
9 silly addNamed semver.validRange *
10 silly addNameRange { name: 'angular-local-storage', range: '*', hasData: false }
11 silly mapToRegistry name angular-local-storage
12 silly mapToRegistry using default registry
13 silly mapToRegistry registry https://registry.npmjs.org/
14 silly mapToRegistry uri https://registry.npmjs.org/angular-local-storage
15 verbose addNameRange registry:https://registry.npmjs.org/angular-local-storage not in flight; fetching
16 verbose request uri https://registry.npmjs.org/angular-local-storage
17 verbose request no auth needed
18 info attempt registry request try #1 at 3:29:52 PM
19 verbose request id c93d7b843d58d065
20 http request GET https://registry.npmjs.org/angular-local-storage
21 http 200 https://registry.npmjs.org/angular-local-storage
22 silly get cb [ 200,
22 silly get   { server: 'CouchDB/1.5.0 (Erlang OTP/R16B03)',
22 silly get     etag: '"210M03HJZIE0QZT36DUSMHBAA"',
22 silly get     'content-type': 'application/json',
22 silly get     'cache-control': 'max-age=60',
22 silly get     'content-length': '26704',
22 silly get     'accept-ranges': 'bytes',
22 silly get     date: 'Tue, 29 Sep 2015 19:29:53 GMT',
22 silly get     via: '1.1 varnish',
22 silly get     age: '0',
22 silly get     connection: 'keep-alive',
22 silly get     'x-served-by': 'cache-iad2141-IAD',
22 silly get     'x-cache': 'HIT',
22 silly get     'x-cache-hits': '1',
22 silly get     'x-timer': 'S1443554993.205553,VS0,VE57',
22 silly get     vary: 'Accept' } ]
23 verbose get saving angular-local-storage to /Users/rossforan/.npm/registry.npmjs.org/angular-local-storage/.cache.json
24 silly addNameRange number 2 { name: 'angular-local-storage', range: '*', hasData: true }
25 silly addNameRange versions [ 'angular-local-storage',
25 silly addNameRange   [ '0.0.1',
25 silly addNameRange     '0.1.1',
25 silly addNameRange     '0.1.2',
25 silly addNameRange     '0.1.3',
25 silly addNameRange     '0.1.4',
25 silly addNameRange     '0.1.5',
25 silly addNameRange     '0.2.0',
25 silly addNameRange     '0.2.1',
25 silly addNameRange     '0.2.2' ] ]
26 verbose addNamed angular-local-storage@0.2.2
27 silly addNamed semver.valid 0.2.2
28 silly addNamed semver.validRange 0.2.2
29 silly mapToRegistry name angular-local-storage
30 silly mapToRegistry using default registry
31 silly mapToRegistry registry https://registry.npmjs.org/
32 silly mapToRegistry uri https://registry.npmjs.org/angular-local-storage
33 verbose addRemoteTarball https://registry.npmjs.org/angular-local-storage/-/angular-local-storage-0.2.2.tgz not in flight; adding
34 verbose addRemoteTarball [ 'https://registry.npmjs.org/angular-local-storage/-/angular-local-storage-0.2.2.tgz',
34 verbose addRemoteTarball   '6780ecbf4cd38b842a7d8762629cebe65c60c85a' ]
35 info retry fetch attempt 1 at 3:29:52 PM
36 info attempt registry request try #1 at 3:29:52 PM
37 http fetch GET https://registry.npmjs.org/angular-local-storage/-/angular-local-storage-0.2.2.tgz
38 http fetch 200 https://registry.npmjs.org/angular-local-storage/-/angular-local-storage-0.2.2.tgz
39 silly fetchAndShaCheck shasum 6780ecbf4cd38b842a7d8762629cebe65c60c85a
40 verbose addTmpTarball /var/folders/9z/n7svtbsx5gscmbp88fy5f97m0000gn/T/npm-14571-c1465b31/registry.npmjs.org/angular-local-storage/-/angular-local-storage-0.2.2.tgz not in flight; adding
41 verbose addTmpTarball already have metadata; skipping unpack for angular-local-storage@0.2.2
42 silly cache afterAdd angular-local-storage@0.2.2
43 verbose afterAdd /Users/rossforan/.npm/angular-local-storage/0.2.2/package/package.json not in flight; writing
44 verbose afterAdd /Users/rossforan/.npm/angular-local-storage/0.2.2/package/package.json written
45 silly install resolved [ { name: 'angular-local-storage',
45 silly install resolved     version: '0.2.2',
45 silly install resolved     description: 'An Angular module that gives you access to the browsers local storage',
45 silly install resolved     homepage: 'https://github.com/grevory/angular-local-storage',
45 silly install resolved     main: './dist/angular-local-storage.js',
45 silly install resolved     scripts: { test: 'grunt test' },
45 silly install resolved     repository:
45 silly install resolved      { type: 'git',
45 silly install resolved        url: 'https://github.com/grevory/angular-local-storage.git' },
45 silly install resolved     keywords: [ 'AngularJS', 'local', 'storage' ],
45 silly install resolved     author: { name: 'grevory', email: 'greg@gregpike.ca' },
45 silly install resolved     contributors: [ [Object] ],
45 silly install resolved     license: 'MIT',
45 silly install resolved     bugs: { url: 'https://github.com/grevory/angular-local-storage/issues' },
45 silly install resolved     devDependencies:
45 silly install resolved      { grunt: '~0.4.2',
45 silly install resolved        'grunt-cli': '~0.1.9',
45 silly install resolved        'grunt-contrib-concat': '*',
45 silly install resolved        'grunt-contrib-jshint': '~0.8.0',
45 silly install resolved        'grunt-contrib-uglify': '*',
45 silly install resolved        'grunt-karma': 'latest',
45 silly install resolved        karma: '~0.12.16',
45 silly install resolved        'karma-jasmine': '~0.1.5',
45 silly install resolved        'karma-coverage': '^0.2.6',
45 silly install resolved        'karma-phantomjs-launcher': '~0.1.4',
45 silly install resolved        'load-grunt-tasks': '~0.3.0',
45 silly install resolved        'time-grunt': '~0.2.9' },
45 silly install resolved     gitHead: '6b8f24940854523454c56ad5aa7da25497b08983',
45 silly install resolved     _id: 'angular-local-storage@0.2.2',
45 silly install resolved     _shasum: '6780ecbf4cd38b842a7d8762629cebe65c60c85a',
45 silly install resolved     _from: 'angular-local-storage@*',
45 silly install resolved     _npmVersion: '1.4.28',
45 silly install resolved     _npmUser: { name: 'a8m', email: 'ariel@mashraki.co.il' },
45 silly install resolved     maintainers: [ [Object], [Object], [Object], [Object], [Object] ],
45 silly install resolved     dist:
45 silly install resolved      { shasum: '6780ecbf4cd38b842a7d8762629cebe65c60c85a',
45 silly install resolved        tarball: 'http://registry.npmjs.org/angular-local-storage/-/angular-local-storage-0.2.2.tgz' },
45 silly install resolved     directories: {},
45 silly install resolved     _resolved: 'https://registry.npmjs.org/angular-local-storage/-/angular-local-storage-0.2.2.tgz' } ]
46 info install angular-local-storage@0.2.2 into /Users/rossforan/Desktop/School/Year2/Year2-Sem1/HTML5/multiPage
47 info installOne angular-local-storage@0.2.2
48 verbose installOne of angular-local-storage to /Users/rossforan/Desktop/School/Year2/Year2-Sem1/HTML5/multiPage not in flight; installing
49 warn locking Error: EACCES, open '/Users/rossforan/.npm/_locks/angular-local-storage-e15e238bb14d5346.lock'
49 warn locking     at Error (native)
49 warn locking  /Users/rossforan/.npm/_locks/angular-local-storage-e15e238bb14d5346.lock failed { [Error: EACCES, open '/Users/rossforan/.npm/_locks/angular-local-storage-e15e238bb14d5346.lock']
49 warn locking   errno: -13,
49 warn locking   code: 'EACCES',
49 warn locking   path: '/Users/rossforan/.npm/_locks/angular-local-storage-e15e238bb14d5346.lock' }
50 verbose stack Error: Attempt to unlock /Users/rossforan/Desktop/School/Year2/Year2-Sem1/HTML5/multiPage/node_modules/angular-local-storage, which hasn't been locked
50 verbose stack     at unlock (/usr/local/lib/node_modules/npm/lib/utils/locker.js:66:11)
50 verbose stack     at cb (/usr/local/lib/node_modules/npm/lib/install.js:1004:5)
50 verbose stack     at /usr/local/lib/node_modules/npm/lib/install.js:1008:20
50 verbose stack     at /usr/local/lib/node_modules/npm/lib/utils/locker.js:40:9
50 verbose stack     at cb (/usr/local/lib/node_modules/npm/node_modules/lockfile/lockfile.js:149:38)
50 verbose stack     at /usr/local/lib/node_modules/npm/node_modules/lockfile/lockfile.js:177:38
50 verbose stack     at FSReqWrap.oncomplete (fs.js:95:15)
51 verbose cwd /Users/rossforan/Desktop/School/Year2/Year2-Sem1/HTML5/multiPage
52 error Darwin 14.5.0
53 error argv "node" "/usr/local/bin/npm" "install" "angular-local-storage"
54 error node v0.12.2
55 error npm  v2.7.4
56 error Attempt to unlock /Users/rossforan/Desktop/School/Year2/Year2-Sem1/HTML5/multiPage/node_modules/angular-local-storage, which hasn't been locked
57 error If you need help, you may report this error at:
57 error     <https://github.com/npm/npm/issues>
58 verbose exit [ 1, true ]
